Determining if the pthread_create exist failed with the following output:
Change Dir: /home/vishal/hector_ws/build/line_follower/CMakeFiles/CMakeTmp

Run Build Command:"/usr/bin/make" "cmTC_eb17b/fast"
/usr/bin/make -f CMakeFiles/cmTC_eb17b.dir/build.make CMakeFiles/cmTC_eb17b.dir/build
make[1]: Entering directory '/home/vishal/hector_ws/build/line_follower/CMakeFiles/CMakeTmp'
Building C object CMakeFiles/cmTC_eb17b.dir/CheckSymbolExists.c.o
/usr/bin/cc     -o CMakeFiles/cmTC_eb17b.dir/CheckSymbolExists.c.o   -c /home/vishal/hector_ws/build/line_follower/CMakeFiles/CMakeTmp/CheckSymbolExists.c
Linking C executable cmTC_eb17b
/usr/bin/cmake -E cmake_link_script CMakeFiles/cmTC_eb17b.dir/link.txt --verbose=1
/usr/bin/cc       CMakeFiles/cmTC_eb17b.dir/CheckSymbolExists.c.o  -o cmTC_eb17b -rdynamic 
CMakeFiles/cmTC_eb17b.dir/CheckSymbolExists.c.o: In function `main':
CheckSymbolExists.c:(.text+0x16): undefined reference to `pthread_create'
collect2: error: ld returned 1 exit status
CMakeFiles/cmTC_eb17b.dir/build.make:97: recipe for target 'cmTC_eb17b' failed
make[1]: *** [cmTC_eb17b] Error 1
make[1]: Leaving directory '/home/vishal/hector_ws/build/line_follower/CMakeFiles/CMakeTmp'
Makefile:126: recipe for target 'cmTC_eb17b/fast' failed
make: *** [cmTC_eb17b/fast] Error 2

File /home/vishal/hector_ws/build/line_follower/CMakeFiles/CMakeTmp/CheckSymbolExists.c:
/* */
#include <pthread.h>

int main(int argc, char** argv)
{
  (void)argv;
#ifndef pthread_create
  return ((int*)(&pthread_create))[argc];
#else
  (void)argc;
  return 0;
#endif
}

Determining if the function pthread_create exists in the pthreads failed with the following output:
Change Dir: /home/vishal/hector_ws/build/line_follower/CMakeFiles/CMakeTmp

Run Build Command:"/usr/bin/make" "cmTC_67055/fast"
/usr/bin/make -f CMakeFiles/cmTC_67055.dir/build.make CMakeFiles/cmTC_67055.dir/build
make[1]: Entering directory '/home/vishal/hector_ws/build/line_follower/CMakeFiles/CMakeTmp'
Building C object CMakeFiles/cmTC_67055.dir/CheckFunctionExists.c.o
/usr/bin/cc    -DCHECK_FUNCTION_EXISTS=pthread_create   -o CMakeFiles/cmTC_67055.dir/CheckFunctionExists.c.o   -c /usr/share/cmake-3.5/Modules/CheckFunctionExists.c
Linking C executable cmTC_67055
/usr/bin/cmake -E cmake_link_script CMakeFiles/cmTC_67055.dir/link.txt --verbose=1
/usr/bin/cc   -DCHECK_FUNCTION_EXISTS=pthread_create    CMakeFiles/cmTC_67055.dir/CheckFunctionExists.c.o  -o cmTC_67055 -rdynamic -lpthreads 
/usr/bin/ld: cannot find -lpthreads
collect2: error: ld returned 1 exit status
CMakeFiles/cmTC_67055.dir/build.make:97: recipe for target 'cmTC_67055' failed
make[1]: *** [cmTC_67055] Error 1
make[1]: Leaving directory '/home/vishal/hector_ws/build/line_follower/CMakeFiles/CMakeTmp'
Makefile:126: recipe for target 'cmTC_67055/fast' failed
make: *** [cmTC_67055/fast] Error 2


